f:\visual studio documents\documents\visual studio 2015\projects\qtguiapplication1\qtguiapplication1\x64\debug\vc140.pdb
f:\visual studio documents\documents\visual studio 2015\projects\qtguiapplication1\qtguiapplication1\x64\debug\qrc_qtguiapplication1.obj
f:\visual studio documents\documents\visual studio 2015\projects\qtguiapplication1\qtguiapplication1\x64\debug\main.obj
f:\visual studio documents\documents\visual studio 2015\projects\qtguiapplication1\qtguiapplication1\x64\debug\qtguiapplication1.obj
f:\visual studio documents\documents\visual studio 2015\projects\qtguiapplication1\qtguiapplication1\x64\debug\moc_qtguiapplication1.obj
f:\visual studio documents\documents\visual studio 2015\projects\qtguiapplication1\qtguiapplication1\generatedfiles\debug\moc_qtguiapplication1.cpp
f:\visual studio documents\documents\visual studio 2015\projects\qtguiapplication1\qtguiapplication1\generatedfiles\qrc_qtguiapplication1.cpp
f:\visual studio documents\documents\visual studio 2015\projects\qtguiapplication1\qtguiapplication1\generatedfiles\ui_qtguiapplication1.h
f:\visual studio documents\documents\visual studio 2015\projects\qtguiapplication1\x64\debug\qtguiapplication1.ilk
f:\visual studio documents\documents\visual studio 2015\projects\qtguiapplication1\x64\debug\qtguiapplication1.exe
f:\visual studio documents\documents\visual studio 2015\projects\qtguiapplication1\x64\debug\qtguiapplication1.pdb
f:\visual studio documents\documents\visual studio 2015\projects\qtguiapplication1\qtguiapplication1\x64\debug\qtguiapp.b12702ad.tlog\cl.command.1.tlog
f:\visual studio documents\documents\visual studio 2015\projects\qtguiapplication1\qtguiapplication1\x64\debug\qtguiapp.b12702ad.tlog\cl.read.1.tlog
f:\visual studio documents\documents\visual studio 2015\projects\qtguiapplication1\qtguiapplication1\x64\debug\qtguiapp.b12702ad.tlog\cl.write.1.tlog
f:\visual studio documents\documents\visual studio 2015\projects\qtguiapplication1\qtguiapplication1\x64\debug\qtguiapp.b12702ad.tlog\custombuild.command.1.tlog
f:\visual studio documents\documents\visual studio 2015\projects\qtguiapplication1\qtguiapplication1\x64\debug\qtguiapp.b12702ad.tlog\custombuild.read.1.tlog
f:\visual studio documents\documents\visual studio 2015\projects\qtguiapplication1\qtguiapplication1\x64\debug\qtguiapp.b12702ad.tlog\custombuild.write.1.tlog
f:\visual studio documents\documents\visual studio 2015\projects\qtguiapplication1\qtguiapplication1\x64\debug\qtguiapp.b12702ad.tlog\link.command.1.tlog
f:\visual studio documents\documents\visual studio 2015\projects\qtguiapplication1\qtguiapplication1\x64\debug\qtguiapp.b12702ad.tlog\link.read.1.tlog
f:\visual studio documents\documents\visual studio 2015\projects\qtguiapplication1\qtguiapplication1\x64\debug\qtguiapp.b12702ad.tlog\link.write.1.tlog
